Base path: C:/Program Files/Unity/Editor/Data
Cmd: initializeCompiler
Cmd: compileComputeKernel
  error: 1 plat 4 at NetworkCompute.compute(31): implicit truncation of vector type
  api=4 insize=1267 outsize=1049 ok=1
Cmd: initializeCompiler
Cmd: initializeCompiler
Cmd: compileComputeKernel
  error: 1 plat 4 at NetworkCompute.compute(26): unknown attribute numthreads, or attribute invalid for this statement
  error: 1 plat 4 at NetworkCompute.compute(31): implicit truncation of vector type
  api=4 insize=1262 outsize=645 ok=1
Cmd: initializeCompiler
Cmd: initializeCompiler
Cmd: initializeCompiler
Cmd: initializeCompiler
Cmd: compileComputeKernel
  error: 1 plat 4 at NetworkCompute.compute(31): implicit truncation of vector type
  api=4 insize=1289 outsize=853 ok=1
Cmd: initializeCompiler
Cmd: initializeCompiler
Cmd: initializeCompiler
Cmd: compileComputeKernel
  error: 1 plat 4 at NetworkCompute.compute(31): implicit truncation of vector type
  api=4 insize=1297 outsize=1005 ok=1
Cmd: initializeCompiler
Cmd: initializeCompiler
Cmd: initializeCompiler
Cmd: initializeCompiler
Cmd: initializeCompiler
Cmd: initializeCompiler
Cmd: initializeCompiler
Cmd: initializeCompiler
Cmd: initializeCompiler
Cmd: initializeCompiler
Cmd: initializeCompiler
Cmd: compileComputeKernel
  error: 1 plat 4 at NetworkCompute.compute(31): implicit truncation of vector type
  api=4 insize=1334 outsize=1005 ok=1
Cmd: initializeCompiler
Cmd: initializeCompiler
Cmd: compileComputeKernel
  error: 1 plat 4 at NetworkCompute.compute(31): implicit truncation of vector type
  api=4 insize=1334 outsize=1069 ok=1
Cmd: initializeCompiler
Cmd: initializeCompiler
Cmd: initializeCompiler
Cmd: initializeCompiler
Cmd: initializeCompiler
Cmd: initializeCompiler
Cmd: compileComputeKernel
  error: 1 plat 4 at NetworkCompute.compute(32): implicit truncation of vector type
  api=4 insize=1359 outsize=1213 ok=1
Cmd: initializeCompiler
Cmd: initializeCompiler
Cmd: initializeCompiler
Cmd: initializeCompiler
Cmd: initializeCompiler
Cmd: compileComputeKernel
  error: 1 plat 4 at NetworkCompute.compute(32): implicit truncation of vector type
  api=4 insize=1405 outsize=1221 ok=1
Cmd: initializeCompiler
Cmd: initializeCompiler
Cmd: compileComputeKernel
  error: 1 plat 4 at NetworkCompute.compute(32): implicit truncation of vector type
  api=4 insize=1427 outsize=1077 ok=1
Cmd: initializeCompiler
Cmd: initializeCompiler
Cmd: initializeCompiler
Cmd: compileComputeKernel
  error: 1 plat 4 at NetworkCompute.compute(32): implicit truncation of vector type
  api=4 insize=1465 outsize=1269 ok=1
Cmd: initializeCompiler
Cmd: initializeCompiler
Cmd: initializeCompiler
Cmd: initializeCompiler
Cmd: initializeCompiler
Cmd: compileComputeKernel
  error: 1 plat 4 at NetworkCompute.compute(32): implicit truncation of vector type
  api=4 insize=1600 outsize=1221 ok=1
Cmd: initializeCompiler
Cmd: initializeCompiler
Cmd: initializeCompiler
Cmd: initializeCompiler
Cmd: initializeCompiler
Cmd: compileComputeKernel
  error: 1 plat 4 at NetworkCompute.compute(32): implicit truncation of vector type
  api=4 insize=1592 outsize=1221 ok=1
Cmd: initializeCompiler
Cmd: initializeCompiler
Cmd: initializeCompiler
Cmd: initializeCompiler
Cmd: initializeCompiler
Cmd: initializeCompiler
Cmd: compileComputeKernel
  error: 2 plat 4 at NetworkCompute.compute(18): array dimensions must be literal scalar expressions
  api=4 insize=1598 outsize=0 ok=0
Cmd: initializeCompiler
Cmd: compileComputeKernel
  error: 2 plat 4 at NetworkCompute.compute(18): 'basePoints': implicit array missing initial value
  api=4 insize=1591 outsize=0 ok=0
Cmd: initializeCompiler
Cmd: initializeCompiler
Cmd: initializeCompiler
Cmd: initializeCompiler
Cmd: initializeCompiler
Cmd: compileComputeKernel
  error: 1 plat 4 at NetworkCompute.compute(32): implicit truncation of vector type
  error: 2 plat 4 at NetworkCompute.compute(52): 'pow': no matching 1 parameter intrinsic function; Possible intrinsic functions are: pow(float|half|min10float|min16float, float|half|min10float|min16float)
  api=4 insize=1674 outsize=0 ok=0
Cmd: initializeCompiler
Cmd: initializeCompiler
Cmd: initializeCompiler
Cmd: initializeCompiler
Cmd: initializeCompiler
Cmd: initializeCompiler
Cmd: initializeCompiler
Cmd: initializeCompiler
Cmd: initializeCompiler
Cmd: initializeCompiler
Cmd: initializeCompiler
Cmd: initializeCompiler
Cmd: initializeCompiler
Cmd: initializeCompiler
Cmd: initializeCompiler
Cmd: initializeCompiler
Cmd: initializeCompiler
Cmd: initializeCompiler
Cmd: initializeCompiler
Cmd: initializeCompiler
Cmd: compileComputeKernel
  error: 1 plat 4 at NetworkCompute.compute(32): implicit truncation of vector type
  api=4 insize=1679 outsize=1221 ok=1
Cmd: initializeCompiler
Cmd: initializeCompiler
Cmd: initializeCompiler
Cmd: initializeCompiler
Cmd: initializeCompiler
Cmd: initializeCompiler
Cmd: initializeCompiler
Cmd: initializeCompiler
Cmd: initializeCompiler
Cmd: initializeCompiler
Cmd: initializeCompiler
Cmd: initializeCompiler
Cmd: initializeCompiler
Cmd: initializeCompiler
Cmd: initializeCompiler
