Base path: /Applications/Unity/Unity.app/Contents
Cmd: initializeCompiler
Cmd: compileComputeKernel
  error: 1 plat 14 at NetworkCompute.compute(27): unknown attribute numthreads, or attribute invalid for this statement
  error: 1 plat 14 at NetworkCompute.compute(32): implicit truncation of vector type
  api=14 insize=1615 outsize=2329 ok=1
Cmd: translateComputeKernel
  api=14 insize=3065 outsize=4369 ok=1
Cmd: initializeCompiler
Cmd: initializeCompiler
Cmd: initializeCompiler
Cmd: initializeCompiler
Cmd: initializeCompiler
Cmd: initializeCompiler
Cmd: compileSnippet
  api=15 type=1 insize=1425 outsize=0 kw= pd=UNITY_ENABLE_REFLECTION_BUFFERS UNITY_USE_DITHER_MASK_FOR_ALPHABLENDED_SHADOWS UNITY_PBS_USE_BRDF1 UNITY_SPECCUBE_BOX_PROJECTION UNITY_SPECCUBE_BLENDING UNITY_ENABLE_DETAIL_NORMALMAP SHADER_API_DESKTOP UNITY_COLORSPACE_GAMMA UNITY_LIGHT_PROBE_PROXY_VOLUME UNITY_LIGHTMAP_FULL_HDR ok=1
Cmd: disassembleShader
  api=15 insize=0 outsize=57 ok=1
Cmd: initializeCompiler
Cmd: initializeCompiler
Cmd: initializeCompiler
Cmd: initializeCompiler
Cmd: initializeCompiler
Cmd: initializeCompiler
Cmd: initializeCompiler
Cmd: initializeCompiler
Cmd: initializeCompiler
Cmd: initializeCompiler
Cmd: compileComputeKernel
  error: 1 plat 14 at NetworkCompute.compute(27): unknown attribute numthreads, or attribute invalid for this statement
  error: 1 plat 14 at NetworkCompute.compute(32): implicit truncation of vector type
  api=14 insize=1615 outsize=2329 ok=1
Cmd: initializeCompiler
Cmd: initializeCompiler
Cmd: compileComputeKernel
  error: 1 plat 14 at NetworkCompute.compute(32): implicit truncation of vector type
  error: 2 plat 14 at NetworkCompute.compute(50): syntax error: unexpected token 'Particle'
  api=14 insize=1648 outsize=0 ok=0
Cmd: initializeCompiler
Cmd: initializeCompiler
Cmd: initializeCompiler
Cmd: compileComputeKernel
  error: 1 plat 14 at NetworkCompute.compute(32): implicit truncation of vector type
  error: 2 plat 14 at NetworkCompute.compute(50): syntax error: unexpected token 'Particle'
  api=14 insize=1645 outsize=0 ok=0
Cmd: initializeCompiler
Cmd: compileComputeKernel
  error: 1 plat 14 at NetworkCompute.compute(27): unknown attribute numthreads, or attribute invalid for this statement
  error: 1 plat 14 at NetworkCompute.compute(32): implicit truncation of vector type
  api=14 insize=1648 outsize=2329 ok=1
Cmd: translateComputeKernel
  api=14 insize=3065 outsize=4369 ok=1
Cmd: initializeCompiler
Cmd: initializeCompiler
Cmd: initializeCompiler
Cmd: initializeCompiler
Cmd: initializeCompiler
Cmd: initializeCompiler
Cmd: initializeCompiler
Cmd: initializeCompiler
Cmd: initializeCompiler
Cmd: initializeCompiler
Cmd: initializeCompiler
Cmd: initializeCompiler
Cmd: initializeCompiler
Cmd: initializeCompiler
Cmd: initializeCompiler
Cmd: initializeCompiler
Cmd: initializeCompiler
Cmd: initializeCompiler
Cmd: initializeCompiler
Cmd: initializeCompiler
Cmd: initializeCompiler
Cmd: initializeCompiler
Cmd: initializeCompiler
Cmd: initializeCompiler
Cmd: initializeCompiler
Cmd: initializeCompiler
Cmd: initializeCompiler
Cmd: initializeCompiler
Cmd: initializeCompiler
Cmd: initializeCompiler
Cmd: initializeCompiler
Cmd: initializeCompiler
Cmd: initializeCompiler
Cmd: initializeCompiler
Cmd: initializeCompiler
Cmd: initializeCompiler
Cmd: initializeCompiler
